<html>
<body>
<pre>
<h1>µVision Build Log</h1>
<h2>Tool Versions:</h2>
IDE-Version: µVision V5.24.2.0
Copyright (C) 2017 ARM Ltd and ARM Germany GmbH. All rights reserved.
License Information: Alex Mos, NTMP, LIC=50DY8-3C8TK-04WSQ-N4U0G-NL02G-G1C79
 
Tool Versions:
Toolchain:       MDK-ARM Professional  Version: 5.24.1
Toolchain Path:  C:\Keil_v5\ARM\ARMCC\Bin
C Compiler:      Armcc.exe V5.06 update 5 (build 528)
Assembler:       Armasm.exe V5.06 update 5 (build 528)
Linker/Locator:  ArmLink.exe V5.06 update 5 (build 528)
Library Manager: ArmAr.exe V5.06 update 5 (build 528)
Hex Converter:   FromElf.exe V5.06 update 5 (build 528)
CPU DLL:         SARMCM3.DLL V5.24.1
Dialog DLL:      DCM.DLL V1.16.0.0
Target DLL:      STLink\ST-LINKIII-KEIL_SWO.dll V3.0.1.0
Dialog DLL:      TCM.DLL V1.32.0.0
 
<h2>Project:</h2>
D:\2 GIT STM32F103ZET6\Examples\Test_STM32\MDK-ARM\Test_STM32.uvprojx
Project File Date:  12/10/2018

<h2>Output:</h2>
*** Using Compiler 'V5.06 update 5 (build 528)', folder: 'C:\Keil_v5\ARM\ARMCC\Bin'
Build target 'Test_STM32'
assembling startup_stm32f103xe.s...
compiling main.c...
../Src/main.c(108): warning:  #223-D: function "port_init" declared implicitly
  	port_init();
../Src/main.c(109): warning:  #223-D: function "ds18b20_init" declared implicitly
  	status = ds18b20_init(NO_SKIP_ROM);
../Src/main.c(109): error:  #20: identifier "NO_SKIP_ROM" is undefined
  	status = ds18b20_init(NO_SKIP_ROM);
../Src/main.c(111): warning:  #223-D: function "strlen" declared implicitly
  	HAL_UART_Transmit(&huart1,(uint8_t*)str1,strlen(str1),0x1000);
../Src/main.c(139): warning:  #223-D: function "ds18b20_MeasureTemperCmd" declared implicitly
  			ds18b20_MeasureTemperCmd(NO_SKIP_ROM, i);
../Src/main.c(144): warning:  #223-D: function "ds18b20_ReadStratcpad" declared implicitly
  			ds18b20_ReadStratcpad(NO_SKIP_ROM, dt, i);
../Src/main.c(149): warning:  #223-D: function "ds18b20_GetSign" declared implicitly
  			if(ds18b20_GetSign(raw_temper)) c='-';
../Src/main.c(151): warning:  #223-D: function "ds18b20_Convert" declared implicitly
  			temper = ds18b20_Convert(raw_temper);
../Src/main.c: 7 warnings, 1 error
compiling ds18b20.c...
C:\Users\moseichuk\Downloads\DS18B20_MORE_SENSORS\DS18B20_MORE_SENSORS\Src\ds18b20.c(1): error:  #5: cannot open source input file "ds18b20.h": No such file or directory
  #include "ds18b20.h"
C:\Users\moseichuk\Downloads\DS18B20_MORE_SENSORS\DS18B20_MORE_SENSORS\Src\ds18b20.c: 0 warnings, 1 error
compiling stm32f1xx_hal_msp.c...
compiling stm32f1xx_it.c...
compiling stm32f1xx_hal_gpio_ex.c...
compiling stm32f1xx_hal_tim.c...
compiling stm32f1xx_hal_tim_ex.c...
compiling stm32f1xx_hal_uart.c...
compiling stm32f1xx_hal.c...
compiling stm32f1xx_hal_rcc.c...
compiling stm32f1xx_hal_rcc_ex.c...
compiling stm32f1xx_hal_gpio.c...
compiling stm32f1xx_hal_cortex.c...
compiling stm32f1xx_hal_dma.c...
compiling stm32f1xx_hal_flash.c...
compiling stm32f1xx_hal_flash_ex.c...
compiling stm32f1xx_hal_pwr.c...
compiling system_stm32f1xx.c...
"Test_STM32\Test_STM32.axf" - 2 Error(s), 7 Warning(s).

<h2>Software Packages used:</h2>

Package Vendor: ARM
                http://www.keil.com/pack/ARM.CMSIS.5.0.1.pack
                ARM.CMSIS.5.0.1
                CMSIS (Cortex Microcontroller Software Interface Standard)
   * Component: CORE Version: 5.0.1

Package Vendor: Keil
                http://www.keil.com/pack/Keil.STM32F1xx_DFP.2.3.0.pack
                Keil.STM32F1xx_DFP.2.3.0
                STMicroelectronics STM32F1 Series Device Support, Drivers and Examples

<h2>Collection of Component include folders:</h2>
  .\RTE\_Test_STM32
  C:\Keil_v5\ARM\PACK\ARM\CMSIS\5.0.1\CMSIS\Include
  C:\Keil_v5\ARM\PACK\Keil\STM32F1xx_DFP\2.3.0\Device\Include

<h2>Collection of Component Files used:</h2>

   * Component: ARM::CMSIS:CORE:5.0.1
Target not created.
Build Time Elapsed:  00:00:11
</pre>
</body>
</html>
